# Logfile created on 2010-03-07 16:26:59 -0500  [4;36;1mSQL (0.3ms)[0m   [0;1mSET NAMES 'utf8'[0m
  [4;35;1mSQL (0.1ms)[0m   [0mSET SQL_AUTO_IS_NULL=0[0m
  [4;36;1mSQL (0.3ms)[0m   [0;1mSHOW TABLES[0m
  [4;35;1mSQL (14.3ms)[0m   [0mCREATE TABLE `schema_migrations` (`version` varchar(255) NOT NULL) ENGINE=InnoDB[0m
  [4;36;1mSQL (8.0ms)[0m   [0;1mCREATE UNIQUE INDEX `unique_schema_migrations` ON `schema_migrations` (`version`)[0m
  [4;35;1mSQL (0.3ms)[0m   [0mSHOW TABLES[0m
  [4;36;1mSQL (0.3ms)[0m   [0;1mSELECT version FROM schema_migrations[0m
Migrating to CreateRequirementLevels (20100221181326)
  [4;35;1mSQL (4.0ms)[0m   [0mCREATE TABLE `requirement_levels` (`id` int(11) DEFAULT NULL auto_increment PRIMARY KEY, `name` varchar(255), `created_at` datetime, `updated_at` datetime) ENGINE=InnoDB[0m
  [4;36;1mRequirementLevel Columns (1.0ms)[0m   [0;1mSHOW FIELDS FROM `requirement_levels`[0m
  [4;35;1mSQL (0.1ms)[0m   [0mBEGIN[0m
  [4;36;1mRequirementLevel Create (0.4ms)[0m   [0;1mINSERT INTO `requirement_levels` (`name`, `created_at`, `updated_at`) VALUES('User Story', '2010-03-07 21:27:00', '2010-03-07 21:27:00')[0m
  [4;35;1mSQL (9.6ms)[0m   [0mCOMMIT[0m
  [4;36;1mSQL (0.1ms)[0m   [0;1mBEGIN[0m
  [4;35;1mRequirementLevel Create (0.3ms)[0m   [0mINSERT INTO `requirement_levels` (`name`, `created_at`, `updated_at`) VALUES('SRS', '2010-03-07 21:27:00', '2010-03-07 21:27:00')[0m
  [4;36;1mSQL (14.3ms)[0m   [0;1mCOMMIT[0m
  [4;35;1mSQL (0.1ms)[0m   [0mBEGIN[0m
  [4;36;1mRequirementLevel Create (0.2ms)[0m   [0;1mINSERT INTO `requirement_levels` (`name`, `created_at`, `updated_at`) VALUES('HLD', '2010-03-07 21:27:00', '2010-03-07 21:27:00')[0m
  [4;35;1mSQL (7.7ms)[0m   [0mCOMMIT[0m
  [4;36;1mSQL (0.1ms)[0m   [0;1mBEGIN[0m
  [4;35;1mRequirementLevel Create (0.2ms)[0m   [0mINSERT INTO `requirement_levels` (`name`, `created_at`, `updated_at`) VALUES('LLD', '2010-03-07 21:27:00', '2010-03-07 21:27:00')[0m
  [4;36;1mSQL (14.7ms)[0m   [0;1mCOMMIT[0m
  [4;35;1mSQL (2.0ms)[0m   [0mINSERT INTO schema_migrations (version) VALUES ('20100221181326')[0m
Migrating to CreateRequirementTypes (20100221182143)
  [4;36;1mSQL (6.4ms)[0m   [0;1mCREATE TABLE `requirement_types` (`id` int(11) DEFAULT NULL auto_increment PRIMARY KEY, `name` varchar(255), `created_at` datetime, `updated_at` datetime) ENGINE=InnoDB[0m
  [4;35;1mRequirementType Columns (0.7ms)[0m   [0mSHOW FIELDS FROM `requirement_types`[0m
  [4;36;1mSQL (0.0ms)[0m   [0;1mBEGIN[0m
  [4;35;1mRequirementType Create (0.2ms)[0m   [0mINSERT INTO `requirement_types` (`name`, `created_at`, `updated_at`) VALUES('Functional', '2010-03-07 21:27:00', '2010-03-07 21:27:00')[0m
  [4;36;1mSQL (21.0ms)[0m   [0;1mCOMMIT[0m
  [4;35;1mSQL (0.9ms)[0m   [0mBEGIN[0m
  [4;36;1mRequirementType Create (0.2ms)[0m   [0;1mINSERT INTO `requirement_types` (`name`, `created_at`, `updated_at`) VALUES('Appearance', '2010-03-07 21:27:00', '2010-03-07 21:27:00')[0m
  [4;35;1mSQL (7.0ms)[0m   [0mCOMMIT[0m
  [4;36;1mSQL (0.1ms)[0m   [0;1mBEGIN[0m
  [4;35;1mRequirementType Create (0.2ms)[0m   [0mINSERT INTO `requirement_types` (`name`, `created_at`, `updated_at`) VALUES('Style', '2010-03-07 21:27:00', '2010-03-07 21:27:00')[0m
  [4;36;1mSQL (8.6ms)[0m   [0;1mCOMMIT[0m
  [4;35;1mSQL (0.1ms)[0m   [0mBEGIN[0m
  [4;36;1mRequirementType Create (0.2ms)[0m   [0;1mINSERT INTO `requirement_types` (`name`, `created_at`, `updated_at`) VALUES('Ease of Use', '2010-03-07 21:27:00', '2010-03-07 21:27:00')[0m
  [4;35;1mSQL (1.4ms)[0m   [0mCOMMIT[0m
  [4;36;1mSQL (0.1ms)[0m   [0;1mBEGIN[0m
  [4;35;1mRequirementType Create (0.2ms)[0m   [0mINSERT INTO `requirement_types` (`name`, `created_at`, `updated_at`) VALUES('Personalization and Internationalization', '2010-03-07 21:27:00', '2010-03-07 21:27:00')[0m
  [4;36;1mSQL (1.1ms)[0m   [0;1mCOMMIT[0m
  [4;35;1mSQL (0.0ms)[0m   [0mBEGIN[0m
  [4;36;1mRequirementType Create (0.1ms)[0m   [0;1mINSERT INTO `requirement_types` (`name`, `created_at`, `updated_at`) VALUES('Learning', '2010-03-07 21:27:00', '2010-03-07 21:27:00')[0m
  [4;35;1mSQL (0.7ms)[0m   [0mCOMMIT[0m
  [4;36;1mSQL (0.0ms)[0m   [0;1mBEGIN[0m
  [4;35;1mRequirementType Create (0.1ms)[0m   [0mINSERT INTO `requirement_types` (`name`, `created_at`, `updated_at`) VALUES('Speed and Latency', '2010-03-07 21:27:00', '2010-03-07 21:27:00')[0m
  [4;36;1mSQL (1.0ms)[0m   [0;1mCOMMIT[0m
  [4;35;1mSQL (0.0ms)[0m   [0mBEGIN[0m
  [4;36;1mRequirementType Create (0.1ms)[0m   [0;1mINSERT INTO `requirement_types` (`name`, `created_at`, `updated_at`) VALUES('Safety-Critical', '2010-03-07 21:27:00', '2010-03-07 21:27:00')[0m
  [4;35;1mSQL (0.5ms)[0m   [0mCOMMIT[0m
  [4;36;1mSQL (0.1ms)[0m   [0;1mBEGIN[0m
  [4;35;1mRequirementType Create (0.1ms)[0m   [0mINSERT INTO `requirement_types` (`name`, `created_at`, `updated_at`) VALUES('Precision or Accuracy', '2010-03-07 21:27:00', '2010-03-07 21:27:00')[0m
  [4;36;1mSQL (0.6ms)[0m   [0;1mCOMMIT[0m
  [4;35;1mSQL (0.0ms)[0m   [0mBEGIN[0m
  [4;36;1mRequirementType Create (0.1ms)[0m   [0;1mINSERT INTO `requirement_types` (`name`, `created_at`, `updated_at`) VALUES('Reliability and Availability', '2010-03-07 21:27:00', '2010-03-07 21:27:00')[0m
  [4;35;1mSQL (2.0ms)[0m   [0mCOMMIT[0m
  [4;36;1mSQL (0.0ms)[0m   [0;1mBEGIN[0m
  [4;35;1mRequirementType Create (0.1ms)[0m   [0mINSERT INTO `requirement_types` (`name`, `created_at`, `updated_at`) VALUES('Robustness or Fault-Tolerance', '2010-03-07 21:27:00', '2010-03-07 21:27:00')[0m
  [4;36;1mSQL (1.4ms)[0m   [0;1mCOMMIT[0m
  [4;35;1mSQL (0.1ms)[0m   [0mBEGIN[0m
  [4;36;1mRequirementType Create (0.2ms)[0m   [0;1mINSERT INTO `requirement_types` (`name`, `created_at`, `updated_at`) VALUES('Reliability and Availability', '2010-03-07 21:27:00', '2010-03-07 21:27:00')[0m
  [4;35;1mSQL (0.5ms)[0m   [0mCOMMIT[0m
  [4;36;1mSQL (0.0ms)[0m   [0;1mBEGIN[0m
  [4;35;1mRequirementType Create (0.1ms)[0m   [0mINSERT INTO `requirement_types` (`name`, `created_at`, `updated_at`) VALUES('Capacity', '2010-03-07 21:27:00', '2010-03-07 21:27:00')[0m
  [4;36;1mSQL (1.2ms)[0m   [0;1mCOMMIT[0m
  [4;35;1mSQL (0.1ms)[0m   [0mBEGIN[0m
  [4;36;1mRequirementType Create (0.1ms)[0m   [0;1mINSERT INTO `requirement_types` (`name`, `created_at`, `updated_at`) VALUES('Scalability or Extensibility', '2010-03-07 21:27:00', '2010-03-07 21:27:00')[0m
  [4;35;1mSQL (0.5ms)[0m   [0mCOMMIT[0m
  [4;36;1mSQL (0.0ms)[0m   [0;1mBEGIN[0m
  [4;35;1mRequirementType Create (0.2ms)[0m   [0mINSERT INTO `requirement_types` (`name`, `created_at`, `updated_at`) VALUES('Longevity', '2010-03-07 21:27:00', '2010-03-07 21:27:00')[0m
  [4;36;1mSQL (0.8ms)[0m   [0;1mCOMMIT[0m
  [4;35;1mSQL (0.0ms)[0m   [0mBEGIN[0m
  [4;36;1mRequirementType Create (0.1ms)[0m   [0;1mINSERT INTO `requirement_types` (`name`, `created_at`, `updated_at`) VALUES('Productization', '2010-03-07 21:27:00', '2010-03-07 21:27:00')[0m
  [4;35;1mSQL (1.1ms)[0m   [0mCOMMIT[0m
  [4;36;1mSQL (0.1ms)[0m   [0;1mBEGIN[0m
  [4;35;1mRequirementType Create (0.1ms)[0m   [0mINSERT INTO `requirement_types` (`name`, `created_at`, `updated_at`) VALUES('Maintenance', '2010-03-07 21:27:00', '2010-03-07 21:27:00')[0m
  [4;36;1mSQL (0.5ms)[0m   [0;1mCOMMIT[0m
  [4;35;1mSQL (0.0ms)[0m   [0mBEGIN[0m
  [4;36;1mRequirementType Create (0.0ms)[0m   [0;1mINSERT INTO `requirement_types` (`name`, `created_at`, `updated_at`) VALUES('Supportability', '2010-03-07 21:27:00', '2010-03-07 21:27:00')[0m
  [4;35;1mSQL (1.1ms)[0m   [0mCOMMIT[0m
  [4;36;1mSQL (0.1ms)[0m   [0;1mBEGIN[0m
  [4;35;1mRequirementType Create (0.3ms)[0m   [0mINSERT INTO `requirement_types` (`name`, `created_at`, `updated_at`) VALUES('Adaptability', '2010-03-07 21:27:00', '2010-03-07 21:27:00')[0m
  [4;36;1mSQL (0.6ms)[0m   [0;1mCOMMIT[0m
  [4;35;1mSQL (0.1ms)[0m   [0mBEGIN[0m
  [4;36;1mRequirementType Create (0.2ms)[0m   [0;1mINSERT INTO `requirement_types` (`name`, `created_at`, `updated_at`) VALUES('Access', '2010-03-07 21:27:00', '2010-03-07 21:27:00')[0m
  [4;35;1mSQL (1.1ms)[0m   [0mCOMMIT[0m
  [4;36;1mSQL (0.1ms)[0m   [0;1mBEGIN[0m
  [4;35;1mRequirementType Create (0.2ms)[0m   [0mINSERT INTO `requirement_types` (`name`, `created_at`, `updated_at`) VALUES('Integrity', '2010-03-07 21:27:00', '2010-03-07 21:27:00')[0m
  [4;36;1mSQL (0.4ms)[0m   [0;1mCOMMIT[0m
  [4;35;1mSQL (0.0ms)[0m   [0mBEGIN[0m
  [4;36;1mRequirementType Create (0.1ms)[0m   [0;1mINSERT INTO `requirement_types` (`name`, `created_at`, `updated_at`) VALUES('Privacy', '2010-03-07 21:27:00', '2010-03-07 21:27:00')[0m
  [4;35;1mSQL (0.5ms)[0m   [0mCOMMIT[0m
  [4;36;1mSQL (0.1ms)[0m   [0;1mBEGIN[0m
  [4;35;1mRequirementType Create (0.8ms)[0m   [0mINSERT INTO `requirement_types` (`name`, `created_at`, `updated_at`) VALUES('Audit', '2010-03-07 21:27:00', '2010-03-07 21:27:00')[0m
  [4;36;1mSQL (9.4ms)[0m   [0;1mCOMMIT[0m
  [4;35;1mSQL (0.1ms)[0m   [0mBEGIN[0m
  [4;36;1mRequirementType Create (0.2ms)[0m   [0;1mINSERT INTO `requirement_types` (`name`, `created_at`, `updated_at`) VALUES('Immunity', '2010-03-07 21:27:00', '2010-03-07 21:27:00')[0m
  [4;35;1mSQL (1.1ms)[0m   [0mCOMMIT[0m
  [4;36;1mSQL (0.1ms)[0m   [0;1mBEGIN[0m
  [4;35;1mRequirementType Create (0.1ms)[0m   [0mINSERT INTO `requirement_types` (`name`, `created_at`, `updated_at`) VALUES('Political', '2010-03-07 21:27:00', '2010-03-07 21:27:00')[0m
  [4;36;1mSQL (1.6ms)[0m   [0;1mCOMMIT[0m
  [4;35;1mSQL (0.1ms)[0m   [0mBEGIN[0m
  [4;36;1mRequirementType Create (0.1ms)[0m   [0;1mINSERT INTO `requirement_types` (`name`, `created_at`, `updated_at`) VALUES('Compliance', '2010-03-07 21:27:00', '2010-03-07 21:27:00')[0m
  [4;35;1mSQL (1.1ms)[0m   [0mCOMMIT[0m
  [4;36;1mSQL (0.1ms)[0m   [0;1mBEGIN[0m
  [4;35;1mRequirementType Create (0.1ms)[0m   [0mINSERT INTO `requirement_types` (`name`, `created_at`, `updated_at`) VALUES('Standards', '2010-03-07 21:27:00', '2010-03-07 21:27:00')[0m
  [4;36;1mSQL (0.4ms)[0m   [0;1mCOMMIT[0m
  [4;35;1mSQL (0.5ms)[0m   [0mINSERT INTO schema_migrations (version) VALUES ('20100221182143')[0m
Migrating to CreateReqBreakdowns (20100221201039)
  [4;36;1mSQL (4.5ms)[0m   [0;1mCREATE TABLE `req_breakdowns` (`id` int(11) DEFAULT NULL auto_increment PRIMARY KEY, `higher_level_id` int(11), `lower_level_id` int(11), `is_highest` tinyint(1), `is_lowest` tinyint(1), `created_at` datetime, `updated_at` datetime) ENGINE=InnoDB[0m
  [4;35;1mSQL (1.7ms)[0m   [0mINSERT INTO schema_migrations (version) VALUES ('20100221201039')[0m
Migrating to CreateProducts (20100221201715)
  [4;36;1mSQL (13.7ms)[0m   [0;1mCREATE TABLE `products` (`id` int(11) DEFAULT NULL auto_increment PRIMARY KEY, `name` varchar(255), `identifier` varchar(3), `req_breakdown_id` int(11), `jira_defect_filter` varchar(255), `created_at` datetime, `updated_at` datetime) ENGINE=InnoDB[0m
  [4;35;1mSQL (1.6ms)[0m   [0mINSERT INTO schema_migrations (version) VALUES ('20100221201715')[0m
Migrating to CreateRequirements (20100221220657)
  [4;36;1mSQL (39.7ms)[0m   [0;1mCREATE TABLE `requirements` (`id` int(11) DEFAULT NULL auto_increment PRIMARY KEY, `requirement_level_id` int(11), `requirement_type_id` int(11), `description` varchar(255), `rationale` varchar(255), `originator` varchar(255), `fit_criterion` varchar(255), `source_id` int(11), `priority` int(11), `satisfaction` int(11), `dissatisfaction` int(11), `created_at` datetime, `updated_at` datetime) ENGINE=InnoDB[0m
  [4;35;1mSQL (3.6ms)[0m   [0mINSERT INTO schema_migrations (version) VALUES ('20100221220657')[0m
Migrating to CreateQualityRisks (20100222003227)
  [4;36;1mSQL (31.8ms)[0m   [0;1mCREATE TABLE `quality_risks` (`id` int(11) DEFAULT NULL auto_increment PRIMARY KEY, `product_id` int(11), `risk_category_id` int(11), `description` varchar(255), `mitigation_strategy_id` int(11), `explanation` varchar(255), `likelihood` int(11), `impact` int(11), `created_at` datetime, `updated_at` datetime) ENGINE=InnoDB[0m
  [4;35;1mSQL (10.2ms)[0m   [0mINSERT INTO schema_migrations (version) VALUES ('20100222003227')[0m
Migrating to Changereqbreakdownstructure (20100222003814)
  [4;36;1mSQL (63.2ms)[0m   [0;1mALTER TABLE `req_breakdowns` DROP `higher_level_id`[0m
  [4;35;1mSQL (64.8ms)[0m   [0mALTER TABLE `req_breakdowns` DROP `lower_level_id`[0m
  [4;36;1mSQL (49.8ms)[0m   [0;1mALTER TABLE `req_breakdowns` DROP `is_highest`[0m
  [4;35;1mSQL (52.5ms)[0m   [0mALTER TABLE `req_breakdowns` DROP `is_lowest`[0m
  [4;36;1mSQL (63.5ms)[0m   [0;1mALTER TABLE `req_breakdowns` ADD `requirement_level_id` int(11)[0m
  [4;35;1mSQL (55.7ms)[0m   [0mALTER TABLE `req_breakdowns` ADD `next_breakdown_id` int(11)[0m
  [4;36;1mSQL (1.4ms)[0m   [0;1mINSERT INTO schema_migrations (version) VALUES ('20100222003814')[0m
Migrating to AddProductIdToRequirement (20100222004352)
  [4;35;1mSQL (58.8ms)[0m   [0mALTER TABLE `requirements` ADD `product_id` int(11)[0m
  [4;36;1mSQL (5.2ms)[0m   [0;1mINSERT INTO schema_migrations (version) VALUES ('20100222004352')[0m
Migrating to AddDefaultReqBreakdown (20100222235145)
  [4;35;1mReqBreakdown Columns (0.8ms)[0m   [0mSHOW FIELDS FROM `req_breakdowns`[0m
  [4;36;1mSQL (0.0ms)[0m   [0;1mBEGIN[0m
  [4;35;1mReqBreakdown Create (0.2ms)[0m   [0mINSERT INTO `req_breakdowns` (`created_at`, `updated_at`, `requirement_level_id`, `next_breakdown_id`) VALUES('2010-03-07 21:27:01', '2010-03-07 21:27:01', 1, 2)[0m
  [4;36;1mSQL (7.9ms)[0m   [0;1mCOMMIT[0m
  [4;35;1mSQL (0.1ms)[0m   [0mBEGIN[0m
  [4;36;1mReqBreakdown Create (0.2ms)[0m   [0;1mINSERT INTO `req_breakdowns` (`created_at`, `updated_at`, `requirement_level_id`, `next_breakdown_id`) VALUES('2010-03-07 21:27:01', '2010-03-07 21:27:01', 2, 3)[0m
  [4;35;1mSQL (9.4ms)[0m   [0mCOMMIT[0m
  [4;36;1mSQL (0.1ms)[0m   [0;1mBEGIN[0m
  [4;35;1mReqBreakdown Create (0.2ms)[0m   [0mINSERT INTO `req_breakdowns` (`created_at`, `updated_at`, `requirement_level_id`, `next_breakdown_id`) VALUES('2010-03-07 21:27:01', '2010-03-07 21:27:01', 3, 4)[0m
  [4;36;1mSQL (10.6ms)[0m   [0;1mCOMMIT[0m
  [4;35;1mSQL (0.1ms)[0m   [0mBEGIN[0m
  [4;36;1mReqBreakdown Create (0.3ms)[0m   [0;1mINSERT INTO `req_breakdowns` (`created_at`, `updated_at`, `requirement_level_id`, `next_breakdown_id`) VALUES('2010-03-07 21:27:01', '2010-03-07 21:27:01', 4, NULL)[0m
  [4;35;1mSQL (10.6ms)[0m   [0mCOMMIT[0m
  [4;36;1mSQL (12.5ms)[0m   [0;1mINSERT INTO schema_migrations (version) VALUES ('20100222235145')[0m
Migrating to CreateReleases (20100224002333)
  [4;35;1mSQL (29.4ms)[0m   [0mCREATE TABLE `releases` (`id` int(11) DEFAULT NULL auto_increment PRIMARY KEY, `version` varchar(255), `startdate` date, `enddate` date, `product_id` int(11), `goal` varchar(255), `created_at` datetime, `updated_at` datetime) ENGINE=InnoDB[0m
  [4;36;1mSQL (4.1ms)[0m   [0;1mINSERT INTO schema_migrations (version) VALUES ('20100224002333')[0m
Migrating to MakeReqTraceabilityDoublyLinked (20100225231726)
  [4;35;1mSQL (74.8ms)[0m   [0mALTER TABLE `req_breakdowns` ADD `previous_breakdown_id` int(11)[0m
  [4;36;1mSQL (16.8ms)[0m   [0;1mINSERT INTO schema_migrations (version) VALUES ('20100225231726')[0m
Migrating to AddAbbreviationToRequirementLevel (20100225233450)
  [4;35;1mSQL (58.4ms)[0m   [0mALTER TABLE `requirement_levels` ADD `abbreviation` varchar(255)[0m
  [4;36;1mSQL (3.4ms)[0m   [0;1mINSERT INTO schema_migrations (version) VALUES ('20100225233450')[0m
Migrating to SetEmptyStringDefaultOnRequirementLevelAbbreviation (20100226033408)
  [4;35;1mSQL (0.6ms)[0m   [0mSHOW FIELDS FROM `requirement_levels`[0m
  [4;36;1mSQL (89.2ms)[0m   [0;1mALTER TABLE `requirement_levels` CHANGE `abbreviation` `abbreviation` varchar(255) DEFAULT ''[0m
  [4;35;1mSQL (1.2ms)[0m   [0mINSERT INTO schema_migrations (version) VALUES ('20100226033408')[0m
Migrating to FlattenReqBreakdownTable (20100227234142)
  [4;36;1mSQL (94.9ms)[0m   [0;1mALTER TABLE `req_breakdowns` DROP `requirement_level_id`[0m
  [4;35;1mSQL (66.6ms)[0m   [0mALTER TABLE `req_breakdowns` DROP `next_breakdown_id`[0m
  [4;36;1mSQL (60.0ms)[0m   [0;1mALTER TABLE `req_breakdowns` DROP `previous_breakdown_id`[0m
  [4;35;1mSQL (60.8ms)[0m   [0mALTER TABLE `req_breakdowns` ADD `level0_id` int(11)[0m
  [4;36;1mSQL (67.4ms)[0m   [0;1mALTER TABLE `req_breakdowns` ADD `level1_id` int(11)[0m
  [4;35;1mSQL (59.5ms)[0m   [0mALTER TABLE `req_breakdowns` ADD `level2_id` int(11)[0m
  [4;36;1mSQL (74.9ms)[0m   [0;1mALTER TABLE `req_breakdowns` ADD `level3_id` int(11)[0m
  [4;35;1mSQL (3.5ms)[0m   [0mINSERT INTO schema_migrations (version) VALUES ('20100227234142')[0m
Migrating to AddDefaultBreakdown (20100227235458)
  [4;36;1mRequirementLevel Delete all (7.1ms)[0m   [0;1mDELETE FROM `requirement_levels` [0m
  [4;36;1mSQL (0.3ms)[0m   [0;1mSET NAMES 'utf8'[0m
  [4;35;1mSQL (0.1ms)[0m   [0mSET SQL_AUTO_IS_NULL=0[0m
  [4;36;1mSQL (0.4ms)[0m   [0;1mSHOW TABLES[0m
  [4;35;1mSQL (1.1ms)[0m   [0mSELECT version FROM schema_migrations[0m
Migrating to CreateRequirementLevels (20100221181326)
Migrating to CreateRequirementTypes (20100221182143)
Migrating to CreateReqBreakdowns (20100221201039)
Migrating to CreateProducts (20100221201715)
Migrating to CreateRequirements (20100221220657)
Migrating to CreateQualityRisks (20100222003227)
Migrating to Changereqbreakdownstructure (20100222003814)
Migrating to AddProductIdToRequirement (20100222004352)
Migrating to AddDefaultReqBreakdown (20100222235145)
Migrating to CreateReleases (20100224002333)
Migrating to MakeReqTraceabilityDoublyLinked (20100225231726)
Migrating to AddAbbreviationToRequirementLevel (20100225233450)
Migrating to SetEmptyStringDefaultOnRequirementLevelAbbreviation (20100226033408)
Migrating to FlattenReqBreakdownTable (20100227234142)
Migrating to AddDefaultBreakdown (20100227235458)
  [4;36;1mRequirementLevel Delete all (0.3ms)[0m   [0;1mDELETE FROM `requirement_levels` [0m
  [4;35;1mRequirementLevel Columns (0.7ms)[0m   [0mSHOW FIELDS FROM `requirement_levels`[0m
  [4;36;1mSQL (0.2ms)[0m   [0;1mBEGIN[0m
  [4;35;1mRequirementLevel Create (0.2ms)[0m   [0mINSERT INTO `requirement_levels` (`name`, `created_at`, `updated_at`, `abbreviation`) VALUES('User Story', '2010-03-07 21:27:07', '2010-03-07 21:27:07', 'STRY')[0m
  [4;36;1mSQL (21.7ms)[0m   [0;1mCOMMIT[0m
  [4;35;1mSQL (0.1ms)[0m   [0mBEGIN[0m
  [4;36;1mRequirementLevel Create (0.2ms)[0m   [0;1mINSERT INTO `requirement_levels` (`name`, `created_at`, `updated_at`, `abbreviation`) VALUES('System Requirement', '2010-03-07 21:27:08', '2010-03-07 21:27:08', 'SyRS')[0m
  [4;35;1mSQL (6.3ms)[0m   [0mCOMMIT[0m
  [4;36;1mSQL (0.1ms)[0m   [0;1mBEGIN[0m
  [4;35;1mRequirementLevel Create (0.2ms)[0m   [0mINSERT INTO `requirement_levels` (`name`, `created_at`, `updated_at`, `abbreviation`) VALUES('Software Requirement', '2010-03-07 21:27:08', '2010-03-07 21:27:08', 'SRS')[0m
  [4;36;1mSQL (15.7ms)[0m   [0;1mCOMMIT[0m
  [4;35;1mReqBreakdown Columns (0.7ms)[0m   [0mSHOW FIELDS FROM `req_breakdowns`[0m
  [4;36;1mRequirementLevel Load (1.2ms)[0m   [0;1mSELECT * FROM `requirement_levels` WHERE (`requirement_levels`.`abbreviation` = 'STRY') LIMIT 1[0m
  [4;35;1mRequirementLevel Load (0.4ms)[0m   [0mSELECT * FROM `requirement_levels` WHERE (`requirement_levels`.`abbreviation` = 'SyRS') LIMIT 1[0m
  [4;36;1mRequirementLevel Load (0.4ms)[0m   [0;1mSELECT * FROM `requirement_levels` WHERE (`requirement_levels`.`abbreviation` = 'SRS') LIMIT 1[0m
  [4;35;1mSQL (0.1ms)[0m   [0mBEGIN[0m
  [4;36;1mReqBreakdown Create (0.5ms)[0m   [0;1mINSERT INTO `req_breakdowns` (`created_at`, `updated_at`, `level0_id`, `level1_id`, `level2_id`, `level3_id`) VALUES('2010-03-07 21:27:08', '2010-03-07 21:27:08', 5, 6, 7, NULL)[0m
  [4;35;1mSQL (1.8ms)[0m   [0mCOMMIT[0m
  [4;36;1mSQL (0.6ms)[0m   [0;1mINSERT INTO schema_migrations (version) VALUES ('20100227235458')[0m
Migrating to CreateRequirementsRequirementReviewsJoinTable (20100228035758)
  [4;35;1mSQL (24.3ms)[0m   [0mCREATE TABLE `requirements_requirement_reviews` (`requirement_id` int(11), `requirement_review_id` int(11)) ENGINE=InnoDB[0m
  [4;36;1mSQL (10.3ms)[0m   [0;1mINSERT INTO schema_migrations (version) VALUES ('20100228035758')[0m
Migrating to CreateRequirementReviews (20100228040220)
  [4;35;1mSQL (28.6ms)[0m   [0mCREATE TABLE `requirement_reviews` (`id` int(11) DEFAULT NULL auto_increment PRIMARY KEY, `title` varchar(255), `description` varchar(255), `created_at` datetime, `updated_at` datetime) ENGINE=InnoDB[0m
  [4;36;1mSQL (17.0ms)[0m   [0;1mINSERT INTO schema_migrations (version) VALUES ('20100228040220')[0m
Migrating to RenameRequirementsRequirementReviewsTable (20100228040903)
  [4;35;1mSQL (6.3ms)[0m   [0mRENAME TABLE `requirements_requirement_reviews` TO `requirement_reviews_requirements`[0m
  [4;36;1mSQL (6.9ms)[0m   [0;1mINSERT INTO schema_migrations (version) VALUES ('20100228040903')[0m
Migrating to AssociateProductWithRequirementReview (20100228042942)
  [4;35;1mSQL (44.1ms)[0m   [0mALTER TABLE `requirement_reviews` ADD `product_id` int(11)[0m
  [4;36;1mSQL (13.4ms)[0m   [0;1mINSERT INTO schema_migrations (version) VALUES ('20100228042942')[0m
Migrating to CreateEnvironments (20100301013759)
  [4;35;1mSQL (23.6ms)[0m   [0mCREATE TABLE `environments` (`id` int(11) DEFAULT NULL auto_increment PRIMARY KEY, `name` varchar(255), `description` varchar(255), `created_at` datetime, `updated_at` datetime) ENGINE=InnoDB[0m
  [4;36;1mSQL (4.5ms)[0m   [0;1mINSERT INTO schema_migrations (version) VALUES ('20100301013759')[0m
Migrating to CreateConfigFactors (20100301014050)
  [4;35;1mSQL (33.9ms)[0m   [0mCREATE TABLE `config_factors` (`id` int(11) DEFAULT NULL auto_increment PRIMARY KEY, `name` varchar(255), `created_at` datetime, `updated_at` datetime) ENGINE=InnoDB[0m
  [4;36;1mConfigFactor Columns (2.5ms)[0m   [0;1mSHOW FIELDS FROM `config_factors`[0m
  [4;35;1mSQL (0.1ms)[0m   [0mBEGIN[0m
  [4;36;1mConfigFactor Create (0.3ms)[0m   [0;1mINSERT INTO `config_factors` (`name`, `created_at`, `updated_at`) VALUES('Operating System', '2010-03-07 21:27:08', '2010-03-07 21:27:08')[0m
  [4;35;1mSQL (12.3ms)[0m   [0mCOMMIT[0m
  [4;36;1mSQL (0.1ms)[0m   [0;1mBEGIN[0m
  [4;35;1mConfigFactor Create (0.6ms)[0m   [0mINSERT INTO `config_factors` (`name`, `created_at`, `updated_at`) VALUES('Browser', '2010-03-07 21:27:08', '2010-03-07 21:27:08')[0m
  [4;36;1mSQL (6.5ms)[0m   [0;1mCOMMIT[0m
  [4;35;1mSQL (0.1ms)[0m   [0mBEGIN[0m
  [4;36;1mConfigFactor Create (0.2ms)[0m   [0;1mINSERT INTO `config_factors` (`name`, `created_at`, `updated_at`) VALUES('Memory', '2010-03-07 21:27:08', '2010-03-07 21:27:08')[0m
  [4;35;1mSQL (14.2ms)[0m   [0mCOMMIT[0m
  [4;36;1mSQL (4.2ms)[0m   [0;1mINSERT INTO schema_migrations (version) VALUES ('20100301014050')[0m
Migrating to CreateEnvironmentConfigFactors (20100301014303)
  [4;35;1mSQL (14.1ms)[0m   [0mCREATE TABLE `environment_config_factors` (`environment_id` int(11), `config_factor_id` int(11), `value` varchar(255), `created_at` datetime, `updated_at` datetime) ENGINE=InnoDB[0m
  [4;36;1mSQL (6.8ms)[0m   [0;1mINSERT INTO schema_migrations (version) VALUES ('20100301014303')[0m
  [4;35;1mSQL (0.5ms)[0m   [0mSHOW TABLES[0m
  [4;36;1mSQL (12.5ms)[0m   [0;1mSELECT version FROM schema_migrations[0m
  [4;35;1mSQL (0.5ms)[0m   [0mSHOW TABLES[0m
  [4;36;1mSQL (0.6ms)[0m   [0;1mSHOW FIELDS FROM `config_factors`[0m
  [4;35;1mSQL (0.5ms)[0m   [0mdescribe `config_factors`[0m
  [4;36;1mSQL (0.4ms)[0m   [0;1mSHOW KEYS FROM `config_factors`[0m
  [4;35;1mSQL (0.6ms)[0m   [0mSHOW FIELDS FROM `environment_config_factors`[0m
  [4;36;1mSQL (0.4ms)[0m   [0;1mdescribe `environment_config_factors`[0m
  [4;35;1mSQL (0.2ms)[0m   [0mSHOW KEYS FROM `environment_config_factors`[0m
  [4;36;1mSQL (0.5ms)[0m   [0;1mSHOW FIELDS FROM `environments`[0m
  [4;35;1mSQL (0.4ms)[0m   [0mdescribe `environments`[0m
  [4;36;1mSQL (0.2ms)[0m   [0;1mSHOW KEYS FROM `environments`[0m
  [4;35;1mSQL (0.5ms)[0m   [0mSHOW FIELDS FROM `products`[0m
  [4;36;1mSQL (0.3ms)[0m   [0;1mdescribe `products`[0m
  [4;35;1mSQL (0.2ms)[0m   [0mSHOW KEYS FROM `products`[0m
  [4;36;1mSQL (0.7ms)[0m   [0;1mSHOW FIELDS FROM `quality_risks`[0m
  [4;35;1mSQL (0.5ms)[0m   [0mdescribe `quality_risks`[0m
  [4;36;1mSQL (0.3ms)[0m   [0;1mSHOW KEYS FROM `quality_risks`[0m
  [4;35;1mSQL (0.5ms)[0m   [0mSHOW FIELDS FROM `releases`[0m
  [4;36;1mSQL (0.4ms)[0m   [0;1mdescribe `releases`[0m
  [4;35;1mSQL (0.2ms)[0m   [0mSHOW KEYS FROM `releases`[0m
  [4;36;1mSQL (10.2ms)[0m   [0;1mSHOW FIELDS FROM `req_breakdowns`[0m
  [4;35;1mSQL (0.7ms)[0m   [0mdescribe `req_breakdowns`[0m
  [4;36;1mSQL (0.0ms)[0m   [0;1mSHOW KEYS FROM `req_breakdowns`[0m
  [4;35;1mSQL (0.4ms)[0m   [0mSHOW FIELDS FROM `requirement_levels`[0m
  [4;36;1mSQL (0.4ms)[0m   [0;1mdescribe `requirement_levels`[0m
  [4;35;1mSQL (0.2ms)[0m   [0mSHOW KEYS FROM `requirement_levels`[0m
  [4;36;1mSQL (0.3ms)[0m   [0;1mSHOW FIELDS FROM `requirement_reviews`[0m
  [4;35;1mSQL (0.4ms)[0m   [0mdescribe `requirement_reviews`[0m
  [4;36;1mSQL (0.2ms)[0m   [0;1mSHOW KEYS FROM `requirement_reviews`[0m
  [4;35;1mSQL (0.4ms)[0m   [0mSHOW FIELDS FROM `requirement_reviews_requirements`[0m
  [4;36;1mSQL (0.3ms)[0m   [0;1mdescribe `requirement_reviews_requirements`[0m
  [4;35;1mSQL (0.2ms)[0m   [0mSHOW KEYS FROM `requirement_reviews_requirements`[0m
  [4;36;1mSQL (0.4ms)[0m   [0;1mSHOW FIELDS FROM `requirement_types`[0m
  [4;35;1mSQL (1.3ms)[0m   [0mdescribe `requirement_types`[0m
  [4;36;1mSQL (0.4ms)[0m   [0;1mSHOW KEYS FROM `requirement_types`[0m
  [4;35;1mSQL (0.9ms)[0m   [0mSHOW FIELDS FROM `requirements`[0m
  [4;36;1mSQL (0.6ms)[0m   [0;1mdescribe `requirements`[0m
  [4;35;1mSQL (0.2ms)[0m   [0mSHOW KEYS FROM `requirements`[0m
